2020-11-22 08:42:08.414  INFO 932 --- [main] b.c.a.dataanalysis.AgibankApplication    : Starting AgibankApplication using Java 1.8.0_201 on sergio-OptiPlex-3060 with PID 932 (/home/carlos/dev/workspace/agibank/target/classes started by sergio in /home/carlos/dev/workspace/agibank)
2020-11-22 08:42:08.415  INFO 932 --- [main] b.c.a.dataanalysis.AgibankApplication    : No active profile set, falling back to default profiles: default
2020-11-22 08:42:08.947  INFO 932 --- [main] o.s.b.w.embedded.tomcat.TomcatWebServer  : Tomcat initialized with port(s): 8080 (http)
2020-11-22 08:42:08.951  INFO 932 --- [main] o.apache.catalina.core.StandardService   : Starting service [Tomcat]
2020-11-22 08:42:08.951  INFO 932 --- [main] org.apache.catalina.core.StandardEngine  : Starting Servlet engine: [Apache Tomcat/9.0.39]
2020-11-22 08:42:08.974  INFO 932 --- [main] o.a.c.c.C.[Tomcat].[localhost].[/]       : Initializing Spring embedded WebApplicationContext
2020-11-22 08:42:08.974  INFO 932 --- [main] w.s.c.ServletWebServerApplicationContext : Root WebApplicationContext: initialization completed in 524 ms
2020-11-22 08:42:09.002  INFO 932 --- [main] b.c.a.dataanalysis.job.ProcessFilesJob   : directory ---> /home/carlos/data/in/
2020-11-22 08:42:09.002  INFO 932 --- [main] b.c.a.dataanalysis.job.ProcessFilesJob   : directory ---> /home/carlos/data/out/
2020-11-22 08:42:09.002  INFO 932 --- [main] b.c.a.dataanalysis.job.ProcessFilesJob   : directory ---> /home/carlos/data/processed/
2020-11-22 08:42:09.002  INFO 932 --- [main] b.c.a.dataanalysis.job.ProcessFilesJob   : directory ---> /home/carlos/data/failure/
2020-11-22 08:42:09.065  INFO 932 --- [main] o.s.s.concurrent.ThreadPoolTaskExecutor  : Initializing ExecutorService 'applicationTaskExecutor'
2020-11-22 08:42:09.166  INFO 932 --- [main] o.s.s.c.ThreadPoolTaskScheduler          : Initializing ExecutorService 'taskScheduler'
2020-11-22 08:42:09.179  INFO 932 --- [main] o.s.b.w.embedded.tomcat.TomcatWebServer  : Tomcat started on port(s): 8080 (http) with context path ''
2020-11-22 08:42:09.185  INFO 932 --- [main] b.c.a.dataanalysis.AgibankApplication    : Started AgibankApplication in 0.996 seconds (JVM running for 1.319)
2020-11-22 08:42:40.047  INFO 932 --- [http-nio-8080-exec-1] o.a.c.c.C.[Tomcat].[localhost].[/]       : Initializing Spring DispatcherServlet 'dispatcherServlet'
2020-11-22 08:42:40.047  INFO 932 --- [http-nio-8080-exec-1] o.s.web.servlet.DispatcherServlet        : Initializing Servlet 'dispatcherServlet'
2020-11-22 08:42:40.048  INFO 932 --- [http-nio-8080-exec-1] o.s.web.servlet.DispatcherServlet        : Completed initialization in 1 ms
2020-11-22 08:42:52.189  INFO 932 --- [RMI TCP Connection(2)-127.0.0.1] inMXBeanRegistrar$SpringApplicationAdmin : Application shutdown requested.
2020-11-22 08:42:52.247  INFO 932 --- [RMI TCP Connection(2)-127.0.0.1] o.s.s.c.ThreadPoolTaskScheduler          : Shutting down ExecutorService 'taskScheduler'
2020-11-22 08:42:52.249  INFO 932 --- [RMI TCP Connection(2)-127.0.0.1] o.s.s.concurrent.ThreadPoolTaskExecutor  : Shutting down ExecutorService 'applicationTaskExecutor'
2020-11-22 08:43:20.952  INFO 1131 --- [main] b.c.a.dataanalysis.AgibankApplication    : Starting AgibankApplication using Java 1.8.0_201 on sergio-OptiPlex-3060 with PID 1131 (/home/carlos/dev/workspace/agibank/target/classes started by sergio in /home/carlos/dev/workspace/agibank)
2020-11-22 08:43:20.955  INFO 1131 --- [main] b.c.a.dataanalysis.AgibankApplication    : No active profile set, falling back to default profiles: default
2020-11-22 08:43:21.359  INFO 1131 --- [main] o.s.b.w.embedded.tomcat.TomcatWebServer  : Tomcat initialized with port(s): 8080 (http)
2020-11-22 08:43:21.363  INFO 1131 --- [main] o.apache.catalina.core.StandardService   : Starting service [Tomcat]
2020-11-22 08:43:21.363  INFO 1131 --- [main] org.apache.catalina.core.StandardEngine  : Starting Servlet engine: [Apache Tomcat/9.0.39]
2020-11-22 08:43:21.383  INFO 1131 --- [main] o.a.c.c.C.[Tomcat].[localhost].[/]       : Initializing Spring embedded WebApplicationContext
2020-11-22 08:43:21.383  INFO 1131 --- [main] w.s.c.ServletWebServerApplicationContext : Root WebApplicationContext: initialization completed in 399 ms
2020-11-22 08:43:21.411  INFO 1131 --- [main] b.c.a.dataanalysis.job.ProcessFilesJob   : directory ---> /home/carlos/data/in/
2020-11-22 08:43:21.412  INFO 1131 --- [main] b.c.a.dataanalysis.job.ProcessFilesJob   : directory ---> /home/carlos/data/out/
2020-11-22 08:43:21.412  INFO 1131 --- [main] b.c.a.dataanalysis.job.ProcessFilesJob   : directory ---> /home/carlos/data/processed/
2020-11-22 08:43:21.412  INFO 1131 --- [main] b.c.a.dataanalysis.job.ProcessFilesJob   : directory ---> /home/carlos/data/failure/
2020-11-22 08:43:21.473  INFO 1131 --- [main] o.s.s.concurrent.ThreadPoolTaskExecutor  : Initializing ExecutorService 'applicationTaskExecutor'
2020-11-22 08:43:21.577  INFO 1131 --- [main] o.s.s.c.ThreadPoolTaskScheduler          : Initializing ExecutorService 'taskScheduler'
2020-11-22 08:43:21.590  INFO 1131 --- [main] o.s.b.w.embedded.tomcat.TomcatWebServer  : Tomcat started on port(s): 8080 (http) with context path ''
2020-11-22 08:43:21.597  INFO 1131 --- [main] b.c.a.dataanalysis.AgibankApplication    : Started AgibankApplication in 0.855 seconds (JVM running for 1.139)
2020-11-22 08:43:25.398  INFO 1131 --- [http-nio-8080-exec-1] o.a.c.c.C.[Tomcat].[localhost].[/]       : Initializing Spring DispatcherServlet 'dispatcherServlet'
2020-11-22 08:43:25.398  INFO 1131 --- [http-nio-8080-exec-1] o.s.web.servlet.DispatcherServlet        : Initializing Servlet 'dispatcherServlet'
2020-11-22 08:43:25.399  INFO 1131 --- [http-nio-8080-exec-1] o.s.web.servlet.DispatcherServlet        : Completed initialization in 0 ms
2020-11-22 08:43:54.228  INFO 1131 --- [RMI TCP Connection(2)-127.0.0.1] inMXBeanRegistrar$SpringApplicationAdmin : Application shutdown requested.
2020-11-22 08:43:54.283  INFO 1131 --- [RMI TCP Connection(2)-127.0.0.1] o.s.s.c.ThreadPoolTaskScheduler          : Shutting down ExecutorService 'taskScheduler'
2020-11-22 08:43:54.283  INFO 1131 --- [RMI TCP Connection(2)-127.0.0.1] o.s.s.concurrent.ThreadPoolTaskExecutor  : Shutting down ExecutorService 'applicationTaskExecutor'
2020-11-22 09:18:28.974  INFO 4326 --- [main] b.c.a.dataanalysis.AgibankApplication    : Starting AgibankApplication using Java 1.8.0_201 on sergio-OptiPlex-3060 with PID 4326 (/home/carlos/dev/workspace/agibank/target/classes started by sergio in /home/carlos/dev/workspace/agibank)
2020-11-22 09:18:28.975  INFO 4326 --- [main] b.c.a.dataanalysis.AgibankApplication    : No active profile set, falling back to default profiles: default
2020-11-22 09:18:29.609  INFO 4326 --- [main] o.s.b.w.embedded.tomcat.TomcatWebServer  : Tomcat initialized with port(s): 8080 (http)
2020-11-22 09:18:29.613  INFO 4326 --- [main] o.apache.catalina.core.StandardService   : Starting service [Tomcat]
2020-11-22 09:18:29.613  INFO 4326 --- [main] org.apache.catalina.core.StandardEngine  : Starting Servlet engine: [Apache Tomcat/9.0.39]
2020-11-22 09:18:29.639  INFO 4326 --- [main] o.a.c.c.C.[Tomcat].[localhost].[/]       : Initializing Spring embedded WebApplicationContext
2020-11-22 09:18:29.639  INFO 4326 --- [main] w.s.c.ServletWebServerApplicationContext : Root WebApplicationContext: initialization completed in 616 ms
2020-11-22 09:18:29.684  INFO 4326 --- [main] b.c.a.dataanalysis.job.ProcessFilesJob   : directory ---> /home/carlos/data/in/
2020-11-22 09:18:29.684  INFO 4326 --- [main] b.c.a.dataanalysis.job.ProcessFilesJob   : directory ---> /home/carlos/data/out/
2020-11-22 09:18:29.684  INFO 4326 --- [main] b.c.a.dataanalysis.job.ProcessFilesJob   : directory ---> /home/carlos/data/processed/
2020-11-22 09:18:29.684  INFO 4326 --- [main] b.c.a.dataanalysis.job.ProcessFilesJob   : directory ---> /home/carlos/data/failure/
2020-11-22 09:18:29.799  INFO 4326 --- [main] o.s.s.concurrent.ThreadPoolTaskExecutor  : Initializing ExecutorService 'applicationTaskExecutor'
2020-11-22 09:18:29.983  INFO 4326 --- [main] o.s.s.c.ThreadPoolTaskScheduler          : Initializing ExecutorService 'taskScheduler'
2020-11-22 09:18:30.001  INFO 4326 --- [main] o.s.b.w.embedded.tomcat.TomcatWebServer  : Tomcat started on port(s): 8080 (http) with context path ''
2020-11-22 09:18:30.013  INFO 4326 --- [main] b.c.a.dataanalysis.AgibankApplication    : Started AgibankApplication in 1.369 seconds (JVM running for 1.882)
2020-11-22 09:18:36.217  INFO 4326 --- [http-nio-8080-exec-1] o.a.c.c.C.[Tomcat].[localhost].[/]       : Initializing Spring DispatcherServlet 'dispatcherServlet'
2020-11-22 09:18:36.218  INFO 4326 --- [http-nio-8080-exec-1] o.s.web.servlet.DispatcherServlet        : Initializing Servlet 'dispatcherServlet'
2020-11-22 09:18:36.222  INFO 4326 --- [http-nio-8080-exec-1] o.s.web.servlet.DispatcherServlet        : Completed initialization in 3 ms
2020-11-22 09:18:56.395  INFO 4326 --- [RMI TCP Connection(2)-127.0.0.1] inMXBeanRegistrar$SpringApplicationAdmin : Application shutdown requested.
2020-11-22 09:18:56.453  INFO 4326 --- [RMI TCP Connection(2)-127.0.0.1] o.s.s.c.ThreadPoolTaskScheduler          : Shutting down ExecutorService 'taskScheduler'
2020-11-22 09:18:56.456  INFO 4326 --- [RMI TCP Connection(2)-127.0.0.1] o.s.s.concurrent.ThreadPoolTaskExecutor  : Shutting down ExecutorService 'applicationTaskExecutor'
2020-11-22 09:19:59.363  INFO 4542 --- [main] b.c.a.dataanalysis.AgibankApplication    : Starting AgibankApplication using Java 1.8.0_201 on sergio-OptiPlex-3060 with PID 4542 (/home/carlos/dev/workspace/agibank/target/classes started by sergio in /home/carlos/dev/workspace/agibank)
2020-11-22 09:19:59.365  INFO 4542 --- [main] b.c.a.dataanalysis.AgibankApplication    : No active profile set, falling back to default profiles: default
2020-11-22 09:19:59.933  INFO 4542 --- [main] o.s.b.w.embedded.tomcat.TomcatWebServer  : Tomcat initialized with port(s): 8080 (http)
2020-11-22 09:19:59.939  INFO 4542 --- [main] o.apache.catalina.core.StandardService   : Starting service [Tomcat]
2020-11-22 09:19:59.939  INFO 4542 --- [main] org.apache.catalina.core.StandardEngine  : Starting Servlet engine: [Apache Tomcat/9.0.39]
2020-11-22 09:19:59.962  INFO 4542 --- [main] o.a.c.c.C.[Tomcat].[localhost].[/]       : Initializing Spring embedded WebApplicationContext
2020-11-22 09:19:59.962  INFO 4542 --- [main] w.s.c.ServletWebServerApplicationContext : Root WebApplicationContext: initialization completed in 557 ms
2020-11-22 09:20:00.093  INFO 4542 --- [main] o.s.s.concurrent.ThreadPoolTaskExecutor  : Initializing ExecutorService 'applicationTaskExecutor'
2020-11-22 09:20:00.260  INFO 4542 --- [main] o.s.s.c.ThreadPoolTaskScheduler          : Initializing ExecutorService 'taskScheduler'
2020-11-22 09:20:00.280  INFO 4542 --- [main] o.s.b.w.embedded.tomcat.TomcatWebServer  : Tomcat started on port(s): 8080 (http) with context path ''
2020-11-22 09:20:00.293  INFO 4542 --- [main] b.c.a.dataanalysis.AgibankApplication    : Started AgibankApplication in 1.299 seconds (JVM running for 1.814)
2020-11-22 09:20:11.749  INFO 4542 --- [http-nio-8080-exec-1] o.a.c.c.C.[Tomcat].[localhost].[/]       : Initializing Spring DispatcherServlet 'dispatcherServlet'
2020-11-22 09:20:11.749  INFO 4542 --- [http-nio-8080-exec-1] o.s.web.servlet.DispatcherServlet        : Initializing Servlet 'dispatcherServlet'
2020-11-22 09:20:11.750  INFO 4542 --- [http-nio-8080-exec-1] o.s.web.servlet.DispatcherServlet        : Completed initialization in 1 ms
2020-11-22 09:20:31.932  INFO 4542 --- [http-nio-8080-exec-2] b.c.a.d.service.DataAnalysisService      : ::input file: read_max.dat
2020-11-22 09:20:31.933  INFO 4542 --- [http-nio-8080-exec-2] b.c.a.d.service.DataAnalysisService      : ::input file: xmen.dat
2020-11-22 09:20:31.934  INFO 4542 --- [http-nio-8080-exec-2] b.c.a.d.service.DataAnalysisService      : ::input file: read.dat
2020-11-22 09:20:31.937 ERROR 4542 --- [http-nio-8080-exec-2] b.c.a.d.service.DataAnalysisService      : the input file could not be processed. The file read_max.dat will be copied to the directory of files with processing failures. Cause: java.lang.NumberFormatException
2020-11-22 09:20:40.000  INFO 4542 --- [scheduling-1] b.c.a.dataanalysis.job.ProcessFilesJob   : >>>> INI JOB
2020-11-22 09:20:40.001  INFO 4542 --- [scheduling-1] b.c.a.d.service.DataAnalysisService      : ::input file: read_max.dat
2020-11-22 09:20:40.001  INFO 4542 --- [scheduling-1] b.c.a.d.service.DataAnalysisService      : ::input file: xmen.dat
2020-11-22 09:20:40.001  INFO 4542 --- [scheduling-1] b.c.a.d.service.DataAnalysisService      : ::input file: read.dat
2020-11-22 09:20:40.001 ERROR 4542 --- [scheduling-1] b.c.a.d.service.DataAnalysisService      : the input file could not be processed. The file read_max.dat will be copied to the directory of files with processing failures. Cause: java.lang.NumberFormatException
2020-11-22 09:20:40.003  INFO 4542 --- [scheduling-1] b.c.a.d.service.DataAnalysisService      : ::processed file: xmen.dat
2020-11-22 09:20:40.003  INFO 4542 --- [scheduling-1] b.c.a.d.service.DataAnalysisService      : ::processed file: read.dat
2020-11-22 09:20:40.004  INFO 4542 --- [scheduling-1] b.c.a.d.service.DataAnalysisService      : ::fail process files: read_max.dat
2020-11-22 09:20:40.004  INFO 4542 --- [scheduling-1] b.c.a.d.service.DataAnalysisService      : ::output file: result.done.dat
2020-11-22 09:20:40.004  INFO 4542 --- [scheduling-1] b.c.a.dataanalysis.job.ProcessFilesJob   : 
::Sumary Data::
>> Number Customers: 4
>> Number Sellers: 4
>> Most Expensive Sale Id: 03
>> Worst Seller: Charles Xavier

2020-11-22 09:20:40.004  INFO 4542 --- [scheduling-1] b.c.a.dataanalysis.job.ProcessFilesJob   : >>>> END JOB
2020-11-22 09:23:32.468  INFO 4542 --- [http-nio-8080-exec-6] b.c.a.d.service.DataAnalysisService      : ::input file: read_max.dat
2020-11-22 09:23:32.469  INFO 4542 --- [http-nio-8080-exec-6] b.c.a.d.service.DataAnalysisService      : ::input file: xmen.dat
2020-11-22 09:23:32.469  INFO 4542 --- [http-nio-8080-exec-6] b.c.a.d.service.DataAnalysisService      : ::input file: read.dat
2020-11-22 09:23:32.470 ERROR 4542 --- [http-nio-8080-exec-6] b.c.a.d.service.DataAnalysisService      : the input file could not be processed. The file read_max.dat will be copied to the directory of files with processing failures. Cause: java.lang.NumberFormatException
2020-11-22 09:25:16.220  INFO 4542 --- [http-nio-8080-exec-10] b.c.a.d.service.DataAnalysisService      : ::input file: read_max.dat
2020-11-22 09:25:16.221  INFO 4542 --- [http-nio-8080-exec-10] b.c.a.d.service.DataAnalysisService      : ::input file: xmen.dat
2020-11-22 09:25:16.221  INFO 4542 --- [http-nio-8080-exec-10] b.c.a.d.service.DataAnalysisService      : ::input file: read.dat
2020-11-22 09:25:16.222 ERROR 4542 --- [http-nio-8080-exec-10] b.c.a.d.service.DataAnalysisService      : the input file could not be processed. The file read_max.dat will be copied to the directory of files with processing failures. Cause: java.lang.NumberFormatException
2020-11-22 09:26:11.521  INFO 4542 --- [RMI TCP Connection(2)-127.0.0.1] inMXBeanRegistrar$SpringApplicationAdmin : Application shutdown requested.
2020-11-22 09:26:11.581  INFO 4542 --- [RMI TCP Connection(2)-127.0.0.1] o.s.s.c.ThreadPoolTaskScheduler          : Shutting down ExecutorService 'taskScheduler'
2020-11-22 09:26:11.582  INFO 4542 --- [RMI TCP Connection(2)-127.0.0.1] o.s.s.concurrent.ThreadPoolTaskExecutor  : Shutting down ExecutorService 'applicationTaskExecutor'
